<?xml version="1.0" encoding="UTF-8"?>
<!-- Generated by org.testng.reporters.JUnitReportReporter -->
<testsuite hostname="LAPTOP-ALVRLO6C" name="pkg1.DatadrivenTesting" tests="7" failures="0" timestamp="21 May 2022 07:38:03 GMT" time="0.014" errors="0">
  <testcase name="testCase1" time="0.002" classname="pkg1.DatadrivenTesting"/>
  <testcase name="testCase1" time="0.001" classname="pkg1.DatadrivenTesting"/>
  <testcase name="testCase1" time="0.001" classname="pkg1.DatadrivenTesting"/>
  <testcase name="testCase1" time="0.007" classname="pkg1.DatadrivenTesting"/>
  <testcase name="testCase1" time="0.000" classname="pkg1.DatadrivenTesting"/>
  <testcase name="testCase1" time="0.002" classname="pkg1.DatadrivenTesting"/>
  <testcase name="testCase1" time="0.001" classname="pkg1.DatadrivenTesting"/>
</testsuite> <!-- pkg1.DatadrivenTesting -->
